Arguments: 
  /usr/bin/node /usr/share/yarn/bin/yarn.js info --json  react-native-gifted-chat

PATH: 
  /home/matt/.local/bin:/home/matt/bin:/usr/local/sbin:/usr/local/bin:/usr/sbin:/usr/bin:/sbin:/bin:/usr/games:/usr/local/games:/snap/bin:/snap/bin

Yarn version: 
  1.22.18

Node version: 
  16.13.1

Platform: 
  linux x64

Trace: 
  TypeError: Cannot read properties of null (reading '1')
      at parsePackageName (/usr/share/yarn/lib/cli.js:97192:29)
      at Object.<anonymous> (/usr/share/yarn/lib/cli.js:84754:90)
      at Generator.next (<anonymous>)
      at step (/usr/share/yarn/lib/cli.js:310:30)
      at /usr/share/yarn/lib/cli.js:328:14
      at new Promise (<anonymous>)
      at new F (/usr/share/yarn/lib/cli.js:5301:28)
      at Object.<anonymous> (/usr/share/yarn/lib/cli.js:307:12)
      at Object.run (/usr/share/yarn/lib/cli.js:84793:17)
      at run (/usr/share/yarn/lib/cli.js:88385:22)

npm manifest: 
  {
    "name": "snackabra-webclient",
    "author": "Magnusson Institute",
    "email": "snackabra@gmail.com",
    "description": "Snackabra web app (React Native)",
    "version": "0.4.3",
    "bugs": "https://github.com/snackabra/snackabra-webclient/issues",
    "homepage": "https://snackabra.io",
    "license": "GPL-3.0-only",
    "private": false,
    "scripts": {
      "start": "react-scripts start",
      "build": "react-scripts build",
      "test": "react-scripts test --env=jsdom",
      "extract": "lingui extract",
      "compile": "lingui compile"
    },
    "eslintConfig": {
      "extends": "react-app"
    },
    "browserslist": {
      "production": [
        ">0.2%",
        "not dead",
        "not op_mini all"
      ],
      "development": [
        "last 1 chrome version",
        "last 1 firefox version",
        "last 1 safari version"
      ]
    },
    "dependencies": {
      "@emotion/react": "^11.9.0",
      "@emotion/styled": "^11.8.1",
      "@mui/icons-material": "^5.8.4",
      "@mui/material": "^5.8.2",
      "mui-image": "^1.0.5",
      "react": "^18.2.0",
      "react-dom": "^18.2.0",
      "react-gifted-chat": "^1.0.5",
      "react-router-dom": "^6.3.0",
      "react-scripts": "^5.0.1",
      "styled-components": "^5.3.5"
    },
    "devDependencies": {
      "@babel/core": "^7.15.8",
      "@babel/plugin-proposal-class-properties": "^7.14.5",
      "@babel/preset-env": "7.6.0",
      "@babel/preset-react": "7.0.0",
      "@lingui/cli": "^3.12.1",
      "@lingui/macro": "^3.12.1",
      "@lingui/react": "^3.12.1",
      "babel-loader": "8.0.6",
      "babel-plugin-macros": "^3.1.0",
      "prop-types": "^15.8.1"
    }
  }

yarn manifest: 
  No manifest

Lockfile: 
  No lockfile
